This is pdfTeX, Version 3.1415926-1.40.10 (TeX Live 2009/Debian) (format=pdflatex 2012.5.4)  19 JUN 2012 10:36
entering extended mode
 %&-line parsing enabled.
**Tegra3.tex
(./Tegra3.tex
LaTeX2e <2009/09/24>
Babel <v3.8l> and hyphenation patterns for english, usenglishmax, dumylang, noh
yphenation, loaded.
(./IEEEtran.cls
Document Class: IEEEtran 2007/03/05 V1.7a by Michael Shell
-- See the "IEEEtran_HOWTO" manual for usage information.
-- http://www.michaelshell.org/tex/ieeetran/
\@IEEEtrantmpdimenA=\dimen102
\@IEEEtrantmpdimenB=\dimen103
\@IEEEtrantmpcountA=\count79
\@IEEEtrantmpcountB=\count80
\@IEEEtrantmptoksA=\toks14
LaTeX Font Info:    Try loading font information for OT1+ptm on input line 366.

(/usr/share/texmf-texlive/tex/latex/psnfss/ot1ptm.fd
File: ot1ptm.fd 2001/06/04 font definitions for OT1/ptm.
)
-- Using 8.5in x 11in (letter) paper.
-- Using PDF output.
\@IEEEnormalsizeunitybaselineskip=\dimen104
-- This is a 10 point document.
\CLASSINFOnormalsizebaselineskip=\dimen105
\CLASSINFOnormalsizeunitybaselineskip=\dimen106
\IEEEnormaljot=\dimen107
LaTeX Font Info:    Font shape `OT1/ptm/bx/n' in size <5> not available
(Font)              Font shape `OT1/ptm/b/n' tried instead on input line 724.
LaTeX Font Info:    Font shape `OT1/ptm/bx/it' in size <5> not available
(Font)              Font shape `OT1/ptm/b/it' tried instead on input line 724.
LaTeX Font Info:    Font shape `OT1/ptm/bx/n' in size <7> not available
(Font)              Font shape `OT1/ptm/b/n' tried instead on input line 724.
LaTeX Font Info:    Font shape `OT1/ptm/bx/it' in size <7> not available
(Font)              Font shape `OT1/ptm/b/it' tried instead on input line 724.
LaTeX Font Info:    Font shape `OT1/ptm/bx/n' in size <8> not available
(Font)              Font shape `OT1/ptm/b/n' tried instead on input line 724.
LaTeX Font Info:    Font shape `OT1/ptm/bx/it' in size <8> not available
(Font)              Font shape `OT1/ptm/b/it' tried instead on input line 724.
LaTeX Font Info:    Font shape `OT1/ptm/bx/n' in size <9> not available
(Font)              Font shape `OT1/ptm/b/n' tried instead on input line 724.
LaTeX Font Info:    Font shape `OT1/ptm/bx/it' in size <9> not available
(Font)              Font shape `OT1/ptm/b/it' tried instead on input line 724.
LaTeX Font Info:    Font shape `OT1/ptm/bx/n' in size <10> not available
(Font)              Font shape `OT1/ptm/b/n' tried instead on input line 724.
LaTeX Font Info:    Font shape `OT1/ptm/bx/it' in size <10> not available
(Font)              Font shape `OT1/ptm/b/it' tried instead on input line 724.
LaTeX Font Info:    Font shape `OT1/ptm/bx/n' in size <11> not available
(Font)              Font shape `OT1/ptm/b/n' tried instead on input line 724.
LaTeX Font Info:    Font shape `OT1/ptm/bx/it' in size <11> not available
(Font)              Font shape `OT1/ptm/b/it' tried instead on input line 724.
LaTeX Font Info:    Font shape `OT1/ptm/bx/n' in size <12> not available
(Font)              Font shape `OT1/ptm/b/n' tried instead on input line 724.
LaTeX Font Info:    Font shape `OT1/ptm/bx/it' in size <12> not available
(Font)              Font shape `OT1/ptm/b/it' tried instead on input line 724.
LaTeX Font Info:    Font shape `OT1/ptm/bx/n' in size <17> not available
(Font)              Font shape `OT1/ptm/b/n' tried instead on input line 724.
LaTeX Font Info:    Font shape `OT1/ptm/bx/it' in size <17> not available
(Font)              Font shape `OT1/ptm/b/it' tried instead on input line 724.
LaTeX Font Info:    Font shape `OT1/ptm/bx/n' in size <20> not available
(Font)              Font shape `OT1/ptm/b/n' tried instead on input line 724.
LaTeX Font Info:    Font shape `OT1/ptm/bx/it' in size <20> not available
(Font)              Font shape `OT1/ptm/b/it' tried instead on input line 724.
LaTeX Font Info:    Font shape `OT1/ptm/bx/n' in size <24> not available
(Font)              Font shape `OT1/ptm/b/n' tried instead on input line 724.
LaTeX Font Info:    Font shape `OT1/ptm/bx/it' in size <24> not available
(Font)              Font shape `OT1/ptm/b/it' tried instead on input line 724.
\IEEEilabelindentA=\dimen108
\IEEEilabelindentB=\dimen109
\IEEEilabelindent=\dimen110
\IEEEelabelindent=\dimen111
\IEEEdlabelindent=\dimen112
\IEEElabelindent=\dimen113
\IEEEiednormlabelsep=\dimen114
\IEEEiedmathlabelsep=\dimen115
\IEEEiedtopsep=\skip41
\c@section=\count81
\c@subsection=\count82
\c@subsubsection=\count83
\c@paragraph=\count84
\c@IEEEsubequation=\count85
\abovecaptionskip=\skip42
\belowcaptionskip=\skip43
\c@figure=\count86
\c@table=\count87
\@IEEEeqnnumcols=\count88
\@IEEEeqncolcnt=\count89
\@IEEEtmpitemindent=\dimen116
\c@IEEEbiography=\count90
\@IEEEtranrubishbin=\box26
) (/usr/share/texmf-texlive/tex/latex/graphics/graphicx.sty
Package: graphicx 1999/02/16 v1.0f Enhanced LaTeX Graphics (DPC,SPQR)

(/usr/share/texmf-texlive/tex/latex/graphics/keyval.sty
Package: keyval 1999/03/16 v1.13 key=value parser (DPC)
\KV@toks@=\toks15
)
(/usr/share/texmf-texlive/tex/latex/graphics/graphics.sty
Package: graphics 2009/02/05 v1.0o Standard LaTeX Graphics (DPC,SPQR)

(/usr/share/texmf-texlive/tex/latex/graphics/trig.sty
Package: trig 1999/03/16 v1.09 sin cos tan (DPC)
)
(/etc/texmf/tex/latex/config/graphics.cfg
File: graphics.cfg 2009/08/28 v1.8 graphics configuration of TeX Live
)
Package graphics Info: Driver file: pdftex.def on input line 91.

(/usr/share/texmf-texlive/tex/latex/pdftex-def/pdftex.def
File: pdftex.def 2010/03/12 v0.04p Graphics/color for pdfTeX
\Gread@gobject=\count91
))
\Gin@req@height=\dimen117
\Gin@req@width=\dimen118
)
(/usr/share/texmf-texlive/tex/latex/base/latexsym.sty
Package: latexsym 1998/08/17 v2.2e Standard LaTeX package (lasy symbols)
\symlasy=\mathgroup4
LaTeX Font Info:    Overwriting symbol font `lasy' in version `bold'
(Font)                  U/lasy/m/n --> U/lasy/b/n on input line 47.
)
(/usr/share/texmf-texlive/tex/latex/amsmath/amsmath.sty
Package: amsmath 2000/07/18 v2.13 AMS math features
\@mathmargin=\skip44

For additional information on amsmath, use the `?' option.
(/usr/share/texmf-texlive/tex/latex/amsmath/amstext.sty
Package: amstext 2000/06/29 v2.01

(/usr/share/texmf-texlive/tex/latex/amsmath/amsgen.sty
File: amsgen.sty 1999/11/30 v2.0
\@emptytoks=\toks16
\ex@=\dimen119
))
(/usr/share/texmf-texlive/tex/latex/amsmath/amsbsy.sty
Package: amsbsy 1999/11/29 v1.2d
\pmbraise@=\dimen120
)
(/usr/share/texmf-texlive/tex/latex/amsmath/amsopn.sty
Package: amsopn 1999/12/14 v2.01 operator names
)
\inf@bad=\count92
LaTeX Info: Redefining \frac on input line 211.
\uproot@=\count93
\leftroot@=\count94
LaTeX Info: Redefining \overline on input line 307.
\classnum@=\count95
\DOTSCASE@=\count96
LaTeX Info: Redefining \ldots on input line 379.
LaTeX Info: Redefining \dots on input line 382.
LaTeX Info: Redefining \cdots on input line 467.
\Mathstrutbox@=\box27
\strutbox@=\box28
\big@size=\dimen121
LaTeX Font Info:    Redeclaring font encoding OML on input line 567.
LaTeX Font Info:    Redeclaring font encoding OMS on input line 568.
\macc@depth=\count97
\c@MaxMatrixCols=\count98
\dotsspace@=\muskip10
\c@parentequation=\count99
\dspbrk@lvl=\count100
\tag@help=\toks17
\row@=\count101
\column@=\count102
\maxfields@=\count103
\andhelp@=\toks18
\eqnshift@=\dimen122
\alignsep@=\dimen123
\tagshift@=\dimen124
\tagwidth@=\dimen125
\totwidth@=\dimen126
\lineht@=\dimen127
\@envbody=\toks19
\multlinegap=\skip45
\multlinetaggap=\skip46
\mathdisplay@stack=\toks20
LaTeX Info: Redefining \[ on input line 2666.
LaTeX Info: Redefining \] on input line 2667.
)
(/usr/share/texmf-texlive/tex/latex/amsfonts/amssymb.sty
Package: amssymb 2009/06/22 v3.00

(/usr/share/texmf-texlive/tex/latex/amsfonts/amsfonts.sty
Package: amsfonts 2009/06/22 v3.00 Basic AMSFonts support
\symAMSa=\mathgroup5
\symAMSb=\mathgroup6
LaTeX Font Info:    Overwriting math alphabet `\mathfrak' in version `bold'
(Font)                  U/euf/m/n --> U/euf/b/n on input line 96.
))

LaTeX Warning: Unused global option(s):
    [article].

(./Tegra3.aux)
\openout1 = `Tegra3.aux'.

LaTeX Font Info:    Checking defaults for OML/cmm/m/it on input line 403.
LaTeX Font Info:    ... okay on input line 403.
LaTeX Font Info:    Checking defaults for T1/cmr/m/n on input line 403.
LaTeX Font Info:    ... okay on input line 403.
LaTeX Font Info:    Checking defaults for OT1/cmr/m/n on input line 403.
LaTeX Font Info:    ... okay on input line 403.
LaTeX Font Info:    Checking defaults for OMS/cmsy/m/n on input line 403.
LaTeX Font Info:    ... okay on input line 403.
LaTeX Font Info:    Checking defaults for OMX/cmex/m/n on input line 403.
LaTeX Font Info:    ... okay on input line 403.
LaTeX Font Info:    Checking defaults for U/cmr/m/n on input line 403.
LaTeX Font Info:    ... okay on input line 403.
 (/usr/share/texmf-texlive/tex/context/base/supp-pdf.mkii
[Loading MPS to PDF converter (version 2006.09.02).]
\scratchcounter=\count104
\scratchdimen=\dimen128
\scratchbox=\box29
\nofMPsegments=\count105
\nofMParguments=\count106
\everyMPshowfont=\toks21
\MPscratchCnt=\count107
\MPscratchDim=\dimen129
\MPnumerator=\count108
\everyMPtoPDFconversion=\toks22
)
LaTeX Font Info:    Try loading font information for OMS+ptm on input line 415.

 (/usr/share/texmf-texlive/tex/latex/psnfss/omsptm.fd
File: omsptm.fd 
)
LaTeX Font Info:    Font shape `OMS/ptm/m/n' in size <11> not available
(Font)              Font shape `OMS/cmsy/m/n' tried instead on input line 415.
Missing character: There is no ‚ in font ptmr7t!
Missing character: There is no Ä in font ptmr7t!
Missing character: There is no ú in font ptmr7t!
Missing character: There is no ‚ in font ptmr7t!
Missing character: There is no Ä in font ptmr7t!
Missing character: There is no ù in font ptmr7t!
Missing character: There is no ‚ in font ptmr7t!
Missing character: There is no Ä in font ptmr7t!
Missing character: There is no ô in font ptmr7t!
Missing character: There is no √ in font ptmr7t!
Missing character: There is no † in font ptmr7t!
Missing character: There is no √ in font ptmr7t!
Missing character: There is no ° in font ptmr7t!
 [1{/var/lib/texmf/fonts/map/pdftex/updmap/pdftex.map}


]
Underfull \hbox (badness 2318) in paragraph at lines 457--458
[]\OT1/ptm/m/n/10 Dispositivos m[]oveis fre-quente-mente ex-e-cu-tam di-ver-sas

 []

<../pictures/QaudCorePhota.png, id=10, 990.70125pt x 497.86pt>
File: ../pictures/QaudCorePhota.png Graphic file (type png)

<use ../pictures/QaudCorePhota.png>
<../pictures/MultiThread.png, id=11, 1235.61626pt x 499.8675pt>
File: ../pictures/MultiThread.png Graphic file (type png)

<use ../pictures/MultiThread.png>
<../pictures/QuadCoreBenchmark.png, id=12, 953.5625pt x 594.22pt>
File: ../pictures/QuadCoreBenchmark.png Graphic file (type png)

<use ../pictures/QuadCoreBenchmark.png>
<../pictures/QuadCoreVideo.png, id=13, 939.51pt x 491.8375pt>
File: ../pictures/QuadCoreVideo.png Graphic file (type png)

<use ../pictures/QuadCoreVideo.png>
LaTeX Font Info:    Try loading font information for U+lasy on input line 491.

(/usr/share/texmf-texlive/tex/latex/base/ulasy.fd
File: ulasy.fd 1998/08/17 v2.2e LaTeX symbol font definitions
)
LaTeX Font Info:    Try loading font information for U+msa on input line 491.

(/usr/share/texmf-texlive/tex/latex/amsfonts/umsa.fd
File: umsa.fd 2009/06/22 v3.00 AMS symbols A
)
LaTeX Font Info:    Try loading font information for U+msb on input line 491.

(/usr/share/texmf-texlive/tex/latex/amsfonts/umsb.fd
File: umsb.fd 2009/06/22 v3.00 AMS symbols B
)
<../pictures/Tecnologiasdeprocesso.png, id=14, 827.09pt x 497.86pt>
File: ../pictures/Tecnologiasdeprocesso.png Graphic file (type png)

<use ../pictures/Tecnologiasdeprocesso.png> [2 <../pictures/QaudCorePhota.png (
PNG copy)> <../pictures/MultiThread.png (PNG copy)> <../pictures/QuadCoreBenchm
ark.png (PNG copy)> <../pictures/QuadCoreVideo.png (PNG copy)>]
<../pictures/CompanionCore.pdf, id=22, 614.295pt x 565.11125pt>
File: ../pictures/CompanionCore.pdf Graphic file (type pdf)

<use ../pictures/CompanionCore.pdf>
<../pictures/vSMP.png, id=23, 698.61pt x 482.80376pt>
File: ../pictures/vSMP.png Graphic file (type png)

<use ../pictures/vSMP.png>
<../pictures/Table1.png, id=24, 968.61874pt x 327.2225pt>
File: ../pictures/Table1.png Graphic file (type png)

<use ../pictures/Table1.png> [3 <../pictures/Tecnologiasdeprocesso.png (PNG cop
y)> <../pictures/CompanionCore.pdf (PNG copy)> <../pictures/vSMP.png (PNG copy)
>] <../pictures/PowerSavesVSMP.png, id=28, 1040.88875pt x 541.02126pt>
File: ../pictures/PowerSavesVSMP.png Graphic file (type png)

<use ../pictures/PowerSavesVSMP.png>
<../pictures/Kal-ElLowerFrequency.png, id=29, 895.345pt x 594.22pt>
File: ../pictures/Kal-ElLowerFrequency.png Graphic file (type png)

<use ../pictures/Kal-ElLowerFrequency.png>
<../pictures/Kal-ElHigherFrequency.png, id=30, 777.90625pt x 516.93124pt>
File: ../pictures/Kal-ElHigherFrequency.png Graphic file (type png)

<use ../pictures/Kal-ElHigherFrequency.png>
Missing character: There is no √ in font ptmr7t!
Missing character: There is no ≠ in font ptmr7t!

Underfull \hbox (badness 10000) in paragraph at lines 598--599
[]\OT1/ptm/m/n/8 http://www.nvidia.com/content/PDF/tegra[]white[]papers/Benefit
s-of-
 []


Underfull \hbox (badness 10000) in paragraph at lines 601--602
[]\OT1/ptm/m/n/8 http://www.nvidia.com.br/content/PDF/tegra[]white[]papers/tegr
a-
 []


Underfull \hbox (badness 10000) in paragraph at lines 604--605
[]\OT1/ptm/m/n/8 http://www.nvidia.com/content/PDF/tegra[]white[]papers/Variabl
e-
 []


Underfull \hbox (badness 10000) in paragraph at lines 604--605
\OT1/ptm/m/n/8 SMP-A-Multi-Core-CPU-Architecture-for-Low-Power-and-High-
 []

[4 <../pictures/Table1.png (PNG copy)> <../pictures/PowerSavesVSMP.png (PNG cop
y)> <../pictures/Kal-ElLowerFrequency.png (PNG copy)> <../pictures/Kal-ElHigher
Frequency.png (PNG copy)>] (./Tegra3.aux) ) 
Here is how much of TeX's memory you used:
 2576 strings out of 495061
 37015 string characters out of 1182622
 95541 words of memory out of 3000000
 5737 multiletter control sequences out of 15000+50000
 38083 words of font info for 77 fonts, out of 3000000 for 9000
 28 hyphenation exceptions out of 8191
 27i,7n,24p,1038b,250s stack positions out of 5000i,500n,10000p,200000b,50000s
{/usr/share/texmf-texlive/fonts/enc/
dvips/base/8r.enc}</usr/share/texmf-texlive/fonts/type1/public/amsfonts/cm/cmmi
10.pfb></usr/share/texmf-texlive/fonts/type1/public/amsfonts/cm/cmr10.pfb></usr
/share/texmf-texlive/fonts/type1/public/amsfonts/cm/cmr7.pfb></usr/share/texmf-
texlive/fonts/type1/public/amsfonts/cm/cmsy10.pfb></usr/share/texmf-texlive/fon
ts/type1/public/amsfonts/cm/cmsy7.pfb></usr/share/texmf-texlive/fonts/type1/urw
/times/utmb8a.pfb></usr/share/texmf-texlive/fonts/type1/urw/times/utmbi8a.pfb><
/usr/share/texmf-texlive/fonts/type1/urw/times/utmr8a.pfb></usr/share/texmf-tex
live/fonts/type1/urw/times/utmri8a.pfb>
Output written on Tegra3.pdf (4 pages, 889283 bytes).
PDF statistics:
 63 PDF objects out of 1000 (max. 8388607)
 0 named destinations out of 1000 (max. 500000)
 56 words of extra memory for PDF output out of 10000 (max. 10000000)

