MPASM  5.45                      UNTITLED.ASM   6-23-2012  20:19:36         PAGE  1


LOC  OBJECT CODE     LINE SOURCE TEXT
  VALUE

                      00001 ;PISCA
Warning[205]: Found directive in column 1. (LIST)
                      00002 LIST P=16F628
Warning[205]: Found directive in column 1. (INCLUDE)
                      00003 INCLUDE<P16F628.INC>
                      00001         LIST
                      00002 
                      00003 ;==========================================================================
                      00004 ;  MPASM PIC16F628 processor include
                      00005 ; 
                      00006 ;  (c) Copyright 1999-2012 Microchip Technology, All rights reserved
                      00007 ;==========================================================================
                      00008 
                      00381         LIST
                      00004 
                      00005 #DEFINE BANK0 BCF STATUS,RP0
                      00006 #DEFINE BANK1 BSF STATUS,RP0
                      00007 
                      00008 #DEFINE BOTAO_P1 PORTA,0
                      00009 #DEFINE BOTAO_P2 PORTA,1
                      00010 #DEFINE BOTAO_P3 PORTA,2
                      00011 #DEFINE BOTAO_P4 PORTA,3
                      00012 #DEFINE BOTAO_START PORTA,4
                      00013 
                      00014 #DEFINE LED_P1 PORTB,0
                      00015 #DEFINE LED_P2 PORTB,1
                      00016 #DEFINE LED_P3 PORTB,2
                      00017 #DEFINE LED_P4 PORTB,3
                      00018 
                      00019 #DEFINE CONTADOR B'00000000'; ARMAZENA O NUMERO DE BOTOES QUE JA FORAM PRESSIONADOS
                      00020 
                      00021 ;CONTADOR EQU B'00000001'
  00000001            00022 CHOQUE_P1 EQU B'00000001'
  00000002            00023 CHOQUE_P2 EQU B'00000010'
  00000004            00024 CHOQUE_P3 EQU B'00000100'
  00000008            00025 CHOQUE_P4 EQU B'00001000'
                      00026 
                      00027 ;STATUS GUARDA OS BOTOES QUE JA FORAM PRESSIONADOS
                      00028 
Warning[205]: Found directive in column 1. (ORG)
0000                  00029 ORG 0X00
Warning[203]: Found opcode in column 1. (GOTO)
0000   2801           00030 GOTO INICIO
                      00031 
0001                  00032 INICIO
0001   1683           00033         BANK1
0002   301F           00034         MOVLW B'00011111'
Message[302]: Register in operand not in bank 0.  Ensure that bank bits are correct.
0003   0085           00035         MOVWF TRISA
0004   3000           00036         MOVLW B'00000000'
Message[302]: Register in operand not in bank 0.  Ensure that bank bits are correct.
0005   0086           00037         MOVWF TRISB
0006   1283           00038         BANK0
MPASM  5.45                      UNTITLED.ASM   6-23-2012  20:19:36         PAGE  2


LOC  OBJECT CODE     LINE SOURCE TEXT
  VALUE

0007   0185           00039         CLRF PORTA
0008   0186           00040         CLRF PORTB
                      00041 
0009                  00042 START
0009   1003           00043         BCF STATUS,0
000A   1083           00044         BCF STATUS,1
000B   1103           00045         BCF STATUS,2
000C   1183           00046         BCF STATUS,3
000D   1203           00047         BCF STATUS,4
000E   1E05           00048         BTFSS BOTAO_START ; TESTE SE O BOTAO FOI PRESSIONADO
000F   2811           00049         GOTO MAIN ; SE O BOTAO FOI PRESSIONADO VAI PRA MAIN
0010   2809           00050         GOTO START      
                      00051 
0011                  00052 MAIN
0011   1805           00053         BTFSC BOTAO_P1; TESTE SE O BOTAO ESTA PRESSIONADO
0012   202A           00054         CALL BOTAO_P1_PRESS; SE PRESSIONADO GUARDA NO STATUS
0013   1885           00055         BTFSC BOTAO_P2
0014   2030           00056         CALL BOTAO_P2_PRESS
0015   1905           00057         BTFSC BOTAO_P3
0016   2036           00058         CALL BOTAO_P3_PRESS
0017   1985           00059         BTFSC BOTAO_P4
0018   203C           00060         CALL BOTAO_P4_PRESS
                      00061         ;BTFSC STATUS,0
                      00062         ;MOVLW CONTADOR
0019   281B           00063         GOTO CHECAR_CONTADOR
                      00064         ;GOTO DAR_CHOQUE
001A   2811           00065         GOTO MAIN
                      00066 
001B                  00067 CHECAR_CONTADOR
001B   1800           00068         BTFSC CONTADOR,0
001C   0008           00069         RETURN
001D   1880           00070         BTFSC CONTADOR,1
001E   0008           00071         RETURN
001F   2820           00072         GOTO DAR_CHOQUE
                      00073 
0020                  00074 DAR_CHOQUE ;TEM QUE ACHAR O PRIMEIRO ZERO
0020   1C03           00075         BTFSS STATUS,0
0021   3001           00076         MOVLW CHOQUE_P1
0022   1C83           00077         BTFSS STATUS,1
0023   3002           00078         MOVLW CHOQUE_P2
0024   1D03           00079         BTFSS STATUS,2
0025   3004           00080         MOVLW CHOQUE_P3
0026   1D83           00081         BTFSS STATUS,3
0027   3008           00082         MOVLW CHOQUE_P4
0028   0086           00083         MOVWF PORTB
0029   2809           00084         GOTO START
                      00085 
002A                  00086 BOTAO_P1_PRESS
002A   1803           00087         BTFSC STATUS,0
002B   0008           00088         RETURN
002C   1403           00089         BSF STATUS,0
002D   3000           00090         MOVLW CONTADOR
002E   3E01           00091         ADDLW 1
MPASM  5.45                      UNTITLED.ASM   6-23-2012  20:19:36         PAGE  3


LOC  OBJECT CODE     LINE SOURCE TEXT
  VALUE

002F   0008           00092         RETURN
                      00093 
0030                  00094 BOTAO_P2_PRESS
0030   1883           00095         BTFSC STATUS,1
0031   0008           00096         RETURN
0032   1483           00097         BSF STATUS,1
0033   3000           00098         MOVLW CONTADOR
0034   3E01           00099         ADDLW 1 
0035   0008           00100         RETURN
                      00101 
0036                  00102 BOTAO_P3_PRESS
0036   1903           00103         BTFSC STATUS,2
0037   0008           00104         RETURN
0038   1503           00105         BSF STATUS,2
0039   3000           00106         MOVLW CONTADOR
003A   3E01           00107         ADDLW 1
003B   0008           00108         RETURN
                      00109 
003C                  00110 BOTAO_P4_PRESS
003C   1983           00111         BTFSC STATUS,3
003D   0008           00112         RETURN
003E   1583           00113         BSF STATUS,3
003F   3000           00114         MOVLW CONTADOR
0040   3E01           00115         ADDLW 1 ; CONTADOR++
0041   0008           00116         RETURN
Warning[205]: Found directive in column 1. (END)
                      00117 END
MPASM  5.45                      UNTITLED.ASM   6-23-2012  20:19:36         PAGE  4


SYMBOL TABLE
  LABEL                             VALUE 

ADDEN                             00000003
ADEN                              00000003
BANK0                             BCF STATUS,RP0
BANK1                             BSF STATUS,RP0
BOTAO_P1                          PORTA,0
BOTAO_P1_PRESS                    0000002A
BOTAO_P2                          PORTA,1
BOTAO_P2_PRESS                    00000030
BOTAO_P3                          PORTA,2
BOTAO_P3_PRESS                    00000036
BOTAO_P4                          PORTA,3
BOTAO_P4_PRESS                    0000003C
BOTAO_START                       PORTA,4
BRGH                              00000002
C                                 00000000
C1INV                             00000004
C1OUT                             00000006
C2INV                             00000005
C2OUT                             00000007
CCP1CON                           00000017
CCP1IE                            00000002
CCP1IF                            00000002
CCP1M0                            00000000
CCP1M1                            00000001
CCP1M2                            00000002
CCP1M3                            00000003
CCP1X                             00000005
CCP1Y                             00000004
CCPR1                             00000015
CCPR1H                            00000016
CCPR1L                            00000015
CHECAR_CONTADOR                   0000001B
CHOQUE_P1                         00000001
CHOQUE_P2                         00000002
CHOQUE_P3                         00000004
CHOQUE_P4                         00000008
CIS                               00000003
CM0                               00000000
CM1                               00000001
CM2                               00000002
CMCON                             0000001F
CMIE                              00000006
CMIF                              00000006
CONTADOR                          B'00000000'
CREN                              00000004
CSRC                              00000007
DAR_CHOQUE                        00000020
DATA_CP_OFF                       00003FFF
DATA_CP_ON                        00003EFF
DC                                00000001
EEADR                             0000009B
EECON1                            0000009C
EECON2                            0000009D
MPASM  5.45                      UNTITLED.ASM   6-23-2012  20:19:36         PAGE  5


SYMBOL TABLE
  LABEL                             VALUE 

EEDATA                            0000009A
EEIE                              00000007
EEIF                              00000007
F                                 00000001
FERR                              00000002
FSR                               00000004
GIE                               00000007
INDF                              00000000
INICIO                            00000001
INTCON                            0000000B
INTE                              00000004
INTEDG                            00000006
INTF                              00000001
IRP                               00000007
LED_P1                            PORTB,0
LED_P2                            PORTB,1
LED_P3                            PORTB,2
LED_P4                            PORTB,3
MAIN                              00000011
NOT_BO                            00000000
NOT_BOD                           00000000
NOT_BOR                           00000000
NOT_PD                            00000003
NOT_POR                           00000001
NOT_RBPU                          00000007
NOT_T1SYNC                        00000002
NOT_TO                            00000004
OERR                              00000001
OPTION_REG                        00000081
OSCF                              00000003
PCL                               00000002
PCLATH                            0000000A
PCON                              0000008E
PEIE                              00000006
PIE1                              0000008C
PIR1                              0000000C
PORTA                             00000005
PORTB                             00000006
PR2                               00000092
PS0                               00000000
PS1                               00000001
PS2                               00000002
PSA                               00000003
RA0                               00000000
RA1                               00000001
RA2                               00000002
RA3                               00000003
RA4                               00000004
RA5                               00000005
RA6                               00000006
RA7                               00000007
RB0                               00000000
RB1                               00000001
MPASM  5.45                      UNTITLED.ASM   6-23-2012  20:19:36         PAGE  6


SYMBOL TABLE
  LABEL                             VALUE 

RB2                               00000002
RB3                               00000003
RB4                               00000004
RB5                               00000005
RB6                               00000006
RB7                               00000007
RBIE                              00000003
RBIF                              00000000
RCIE                              00000005
RCIF                              00000005
RCREG                             0000001A
RCSTA                             00000018
RD                                00000000
RP0                               00000005
RP1                               00000006
RX9                               00000006
RX9D                              00000000
SPBRG                             00000099
SPEN                              00000007
SREN                              00000005
START                             00000009
STATUS                            00000003
SYNC                              00000004
T0CS                              00000005
T0IE                              00000005
T0IF                              00000002
T0SE                              00000004
T1CKPS0                           00000004
T1CKPS1                           00000005
T1CON                             00000010
T1OSCEN                           00000003
T2CKPS0                           00000000
T2CKPS1                           00000001
T2CON                             00000012
TMR0                              00000001
TMR0IE                            00000005
TMR0IF                            00000002
TMR1                              0000000E
TMR1CS                            00000001
TMR1H                             0000000F
TMR1IE                            00000000
TMR1IF                            00000000
TMR1L                             0000000E
TMR1ON                            00000000
TMR2                              00000011
TMR2IE                            00000001
TMR2IF                            00000001
TMR2ON                            00000002
TOUTPS0                           00000003
TOUTPS1                           00000004
TOUTPS2                           00000005
TOUTPS3                           00000006
TRISA                             00000085
MPASM  5.45                      UNTITLED.ASM   6-23-2012  20:19:36         PAGE  7


SYMBOL TABLE
  LABEL                             VALUE 

TRISA0                            00000000
TRISA1                            00000001
TRISA2                            00000002
TRISA3                            00000003
TRISA4                            00000004
TRISA5                            00000005
TRISA6                            00000006
TRISA7                            00000007
TRISB                             00000086
TRISB0                            00000000
TRISB1                            00000001
TRISB2                            00000002
TRISB3                            00000003
TRISB4                            00000004
TRISB5                            00000005
TRISB6                            00000006
TRISB7                            00000007
TRMT                              00000001
TX9                               00000006
TX9D                              00000000
TXEN                              00000005
TXIE                              00000004
TXIF                              00000004
TXREG                             00000019
TXSTA                             00000098
VR0                               00000000
VR1                               00000001
VR2                               00000002
VR3                               00000003
VRCON                             0000009F
VREN                              00000007
VROE                              00000006
VRR                               00000005
W                                 00000000
WR                                00000001
WREN                              00000002
WRERR                             00000003
Z                                 00000002
_BODEN_OFF                        00003FBF
_BODEN_ON                         00003FFF
_BOREN_OFF                        00003FBF
_BOREN_ON                         00003FFF
_CONFIG                           00002007
_CPD_OFF                          00003FFF
_CPD_ON                           00003EFF
_CP_50                            00002BFF
_CP_75                            000017FF
_CP_ALL                           000003FF
_CP_OFF                           00003FFF
_DEVID1                           00002006
_ER_OSC_CLKOUT                    00003FFF
_ER_OSC_NOCLKOUT                  00003FFE
_EXTCLK_OSC                       00003FEF
MPASM  5.45                      UNTITLED.ASM   6-23-2012  20:19:36         PAGE  8


SYMBOL TABLE
  LABEL                             VALUE 

_FOSC_ECIO                        00003FEF
_FOSC_ERCLK                       00003FFF
_FOSC_ERIO                        00003FFE
_FOSC_HS                          00003FEE
_FOSC_INTOSCCLK                   00003FFD
_FOSC_INTOSCIO                    00003FFC
_FOSC_LP                          00003FEC
_FOSC_XT                          00003FED
_HS_OSC                           00003FEE
_IDLOC0                           00002000
_IDLOC1                           00002001
_IDLOC2                           00002002
_IDLOC3                           00002003
_INTRC_OSC_CLKOUT                 00003FFD
_INTRC_OSC_NOCLKOUT               00003FFC
_LP_OSC                           00003FEC
_LVP_OFF                          00003F7F
_LVP_ON                           00003FFF
_MCLRE_OFF                        00003FDF
_MCLRE_ON                         00003FFF
_PWRTE_OFF                        00003FFF
_PWRTE_ON                         00003FF7
_WDTE_OFF                         00003FFB
_WDTE_ON                          00003FFF
_WDT_OFF                          00003FFB
_WDT_ON                           00003FFF
_XT_OSC                           00003FED
__16F628                          00000001
__DEBUG                           1


MEMORY USAGE MAP ('X' = Used,  '-' = Unused)

0000 : XXXXXXXXXXXXXXXX XXXXXXXXXXXXXXXX XXXXXXXXXXXXXXXX XXXXXXXXXXXXXXXX
0040 : XX-------------- ---------------- ---------------- ----------------

All other memory blocks unused.

Program Memory Words Used:    66
Program Memory Words Free:  1982


Errors   :     0
Warnings :     5 reported,     0 suppressed
Messages :     2 reported,     0 suppressed

